<?xml version="1.0" encoding="UTF-8"?>
<testng-results ignored="0" total="1" passed="1" failed="0" skipped="0">
  <reporter-output>
  </reporter-output>
  <suite started-at="2023-11-20T17:55:41 IST" name="Default suite" finished-at="2023-11-20T17:55:41 IST" duration-ms="174">
    <groups>
    </groups>
    <test started-at="2023-11-20T17:55:41 IST" name="Default test" finished-at="2023-11-20T17:55:41 IST" duration-ms="174">
      <class name="practice.zerosAtLast">
        <test-method signature="LastZero()[pri:0, instance:practice.zerosAtLast@298a5e20]" started-at="2023-11-20T17:55:41 IST" name="LastZero" finished-at="2023-11-20T17:55:41 IST" duration-ms="15" status="PASS">
          <reporter-output>
          </reporter-output>
        </test-method> <!-- LastZero -->
      </class> <!-- practice.zerosAtLast -->
    </test> <!-- Default test -->
  </suite> <!-- Default suite -->
</testng-results>
