<?xml version="1.0" encoding="UTF-8"?>
<testng-results ignored="0" total="1" passed="1" failed="0" skipped="0">
  <reporter-output>
  </reporter-output>
  <suite started-at="2023-11-22T17:03:13 IST" name="Default suite" finished-at="2023-11-22T17:03:13 IST" duration-ms="85">
    <groups>
    </groups>
    <test started-at="2023-11-22T17:03:13 IST" name="Default test" finished-at="2023-11-22T17:03:13 IST" duration-ms="85">
      <class name="zposmrt.R1R2Assignment">
        <test-method signature="R1R2()[pri:0, instance:zposmrt.R1R2Assignment@5b1669c0]" started-at="2023-11-22T17:03:13 IST" name="R1R2" finished-at="2023-11-22T17:03:13 IST" duration-ms="22" status="PASS">
          <reporter-output>
          </reporter-output>
        </test-method> <!-- R1R2 -->
      </class> <!-- zposmrt.R1R2Assignment -->
    </test> <!-- Default test -->
  </suite> <!-- Default suite -->
</testng-results>
